2026-05-23 10:45:11,461 [INFO] ==================================================
2026-05-23 10:45:11,461 [INFO] 🚀 Starting Apollo.io Upload Sequence
2026-05-23 10:45:11,461 [INFO] ==================================================
2026-05-23 10:45:11,461 [INFO] [*] Verifying Apollo Mailbox configuration...
2026-05-23 10:45:12,507 [INFO] ✅ Found Mailbox ID: 686003145157280019cf141c
2026-05-23 10:45:12,507 [INFO] [*] Fetching Custom Field IDs from Apollo...
2026-05-23 10:45:12,866 [ERROR] Failed to fetch custom fields. Status: 404, Response: 
2026-05-23 10:45:12,868 [ERROR] ❌ Setup Error: Could not map custom fields. Did you create 'ai_subject', 'ai_intro_body', etc. in Apollo Settings?
2026-05-23 10:53:27,758 [INFO] ==================================================
2026-05-23 10:53:27,758 [INFO] 🚀 Starting Apollo.io Upload Sequence
2026-05-23 10:53:27,758 [INFO] ==================================================
2026-05-23 10:53:27,758 [INFO] [*] Verifying Apollo Mailbox configuration...
2026-05-23 10:53:28,957 [INFO] ✅ Found Mailbox ID: 686003145157280019cf141c
2026-05-23 10:53:28,957 [INFO] [*] Fetching Custom Field IDs from Apollo...
2026-05-23 10:53:29,443 [ERROR] Failed to fetch custom fields. Status: 404, Response: 
2026-05-23 10:53:29,444 [ERROR] ❌ Setup Error: Could not map custom fields. Did you create 'ai_subject', 'ai_intro_body', etc. in Apollo Settings?
2026-05-23 10:54:33,527 [INFO] ==================================================
2026-05-23 10:54:33,528 [INFO] 🚀 Starting Apollo.io Upload Sequence
2026-05-23 10:54:33,528 [INFO] ==================================================
2026-05-23 10:54:33,528 [INFO] [*] Verifying Apollo Mailbox configuration...
2026-05-23 10:54:34,533 [INFO] ✅ Found Mailbox ID: 686003145157280019cf141c
2026-05-23 10:54:34,534 [INFO] [*] Fetching Custom Field IDs from Apollo...
2026-05-23 10:54:34,973 [ERROR] Failed to fetch custom fields. Status: 404, Response: 
2026-05-23 10:54:34,974 [ERROR] ❌ Setup Error: Could not map custom fields. Did you create 'ai_subject', 'ai_intro_body', etc. in Apollo Settings?
2026-05-23 11:03:07,153 [INFO] ==================================================
2026-05-23 11:03:07,153 [INFO] 🚀 Starting Apollo.io Upload Sequence
2026-05-23 11:03:07,153 [INFO] ==================================================
2026-05-23 11:03:07,153 [INFO] [*] Verifying Apollo Mailbox configuration...
2026-05-23 11:03:08,270 [INFO] ✅ Found Mailbox ID: 686003145157280019cf141c
2026-05-23 11:03:08,270 [INFO] [*] Fetching Custom Field IDs from Apollo...
2026-05-23 11:03:08,608 [ERROR] Failed to fetch custom fields. Status: 404, Response: 
2026-05-23 11:03:08,610 [ERROR] ❌ Setup Error: Could not map custom fields. Did you create 'ai_subject', 'ai_intro_body', etc. in Apollo Settings?
2026-05-23 11:34:58,175 [INFO] ==================================================
2026-05-23 11:34:58,177 [INFO] 🚀 Starting Apollo.io Upload Sequence
2026-05-23 11:34:58,178 [INFO] ==================================================
2026-05-23 11:34:58,178 [INFO] [*] Verifying Apollo Mailbox configuration...
2026-05-23 11:34:59,506 [INFO] ✅ Found Mailbox ID: 686003145157280019cf141c
2026-05-23 11:34:59,541 [INFO] [*] Fetching Custom Field IDs from Apollo...
2026-05-23 11:35:00,476 [ERROR] Failed to fetch custom fields. Status: 404, Response: 
2026-05-23 11:35:00,478 [ERROR] ❌ Setup Error: Could not map custom fields. Did you create 'ai_subject', 'ai_intro_body', etc. in Apollo Settings?
2026-05-23 11:36:33,739 [INFO] ==================================================
2026-05-23 11:36:33,740 [INFO] 🚀 Starting Apollo.io Upload Sequence
2026-05-23 11:36:33,740 [INFO] ==================================================
2026-05-23 11:36:33,740 [INFO] [*] Verifying Apollo Mailbox configuration...
2026-05-23 11:36:34,674 [ERROR] Failed to fetch mailboxes. Status: 401, Response: Invalid access credentials.
2026-05-23 11:36:34,676 [ERROR] ❌ Setup Error: Failed to fetch mailboxes: Invalid access credentials.
2026-05-23 11:37:00,473 [INFO] ==================================================
2026-05-23 11:37:00,475 [INFO] 🚀 Starting Apollo.io Upload Sequence
2026-05-23 11:37:00,476 [INFO] ==================================================
2026-05-23 11:37:00,476 [INFO] [*] Verifying Apollo Mailbox configuration...
2026-05-23 11:37:00,994 [INFO] ✅ Found Mailbox ID: 686003145157280019cf141c

2026-05-23 11:37:01,041 [INFO] Found 10 leads in CSV. Pushing to Apollo...

2026-05-23 11:37:01,043 [INFO] [1/10] Pushing Rita @ Valize...
2026-05-23 11:37:02,422 [INFO]     ✅ Success: Emails uploaded & scheduled.
2026-05-23 11:37:04,048 [INFO] [2/10] Pushing Miguel @ MYAVA...
2026-05-23 11:37:06,463 [INFO]     ✅ Success: Emails uploaded & scheduled.
2026-05-23 11:37:08,048 [INFO] [3/10] Pushing Chris @ HAN LLP Attorneys at Law...
2026-05-23 11:37:11,521 [INFO]     ✅ Success: Emails uploaded & scheduled.
2026-05-23 11:37:13,043 [INFO] [4/10] Pushing Ross @ Leadhr...
2026-05-23 11:37:14,860 [INFO]     ✅ Success: Emails uploaded & scheduled.
2026-05-23 11:37:16,371 [INFO] [5/10] Pushing Jerry @ Rotut...
2026-05-23 11:37:18,052 [INFO]     ✅ Success: Emails uploaded & scheduled.
2026-05-23 11:37:19,597 [INFO] [6/10] Pushing Jeff @ FiveSeven Solutions...
2026-05-23 11:37:22,055 [INFO]     ✅ Success: Emails uploaded & scheduled.
2026-05-23 11:37:23,568 [INFO] [7/10] Pushing Alex @ Masteringmedicare.net...
2026-05-23 11:37:25,338 [INFO]     ✅ Success: Emails uploaded & scheduled.
2026-05-23 11:37:26,860 [INFO] [8/10] Pushing Brian @ HeyCounsel...
2026-05-23 11:37:28,793 [INFO]     ✅ Success: Emails uploaded & scheduled.
2026-05-23 11:37:30,307 [INFO] [9/10] Pushing Ann @ Spillt...
2026-05-23 11:37:31,698 [INFO]     ✅ Success: Emails uploaded & scheduled.
2026-05-23 11:37:33,214 [INFO] [10/10] Pushing Clayton @ CloudPano...
2026-05-23 11:37:34,791 [INFO]     ✅ Success: Emails uploaded & scheduled.
2026-05-23 11:37:36,296 [INFO] ==================================================
2026-05-23 11:37:36,298 [INFO] 🎉 Upload Complete! Successfully pushed 10 leads to Apollo.
2026-05-23 11:37:36,298 [INFO] ==================================================
2026-05-23 11:43:11,212 [INFO] ==================================================
2026-05-23 11:43:11,212 [INFO] 🚀 Starting Apollo.io Upload Sequence
2026-05-23 11:43:11,212 [INFO] ==================================================
2026-05-23 11:43:11,212 [INFO] [*] Verifying Apollo Mailbox configuration...
2026-05-23 11:43:13,914 [INFO] ✅ Found Mailbox ID: 686003145157280019cf141c

2026-05-23 11:43:13,972 [INFO] Found 10 leads in CSV. Pushing to Apollo...

2026-05-23 11:43:13,973 [INFO] [1/10] Pushing Rita @ Valize...
2026-05-23 11:43:15,851 [INFO]     ✅ Success: Emails uploaded & scheduled.
2026-05-23 11:43:17,363 [INFO] [2/10] Pushing Miguel @ MYAVA...
2026-05-23 11:43:18,909 [INFO]     ✅ Success: Emails uploaded & scheduled.
2026-05-23 11:43:20,424 [INFO] [3/10] Pushing Chris @ HAN LLP Attorneys at Law...
2026-05-23 11:43:22,873 [INFO]     ✅ Success: Emails uploaded & scheduled.
2026-05-23 11:43:24,506 [INFO] [4/10] Pushing Ross @ Leadhr...
2026-05-23 11:43:27,102 [INFO]     ✅ Success: Emails uploaded & scheduled.
2026-05-23 11:43:28,681 [INFO] [5/10] Pushing Jerry @ Rotut...
2026-05-23 11:43:32,398 [INFO]     ✅ Success: Emails uploaded & scheduled.
2026-05-23 11:43:33,906 [INFO] [6/10] Pushing Jeff @ FiveSeven Solutions...
2026-05-23 11:43:35,593 [INFO]     ✅ Success: Emails uploaded & scheduled.
2026-05-23 11:43:37,115 [INFO] [7/10] Pushing Alex @ Masteringmedicare.net...
2026-05-23 11:43:38,499 [INFO]     ✅ Success: Emails uploaded & scheduled.
2026-05-23 11:43:40,006 [INFO] [8/10] Pushing Brian @ HeyCounsel...
2026-05-23 11:43:41,787 [INFO]     ✅ Success: Emails uploaded & scheduled.
2026-05-23 11:43:43,303 [INFO] [9/10] Pushing Ann @ Spillt...
2026-05-23 11:43:45,469 [INFO]     ✅ Success: Emails uploaded & scheduled.
2026-05-23 11:43:47,046 [INFO] [10/10] Pushing Clayton @ CloudPano...
2026-05-23 11:43:48,786 [INFO]     ✅ Success: Emails uploaded & scheduled.
2026-05-23 11:43:50,293 [INFO] ==================================================
2026-05-23 11:43:50,298 [INFO] 🎉 Upload Complete! Successfully pushed 10 leads to Apollo.
2026-05-23 11:43:50,298 [INFO] ==================================================
